<?xml version="1.0" encoding="UTF-8"?>
<!-- Generated by org.testng.reporters.JUnitXMLReporter -->
<testsuite ignored="2" hostname="DESKTOP-V11AHHV" failures="0" tests="1" name="Test(failed)(failed)" time="0.094" errors="0" timestamp="2023-04-23T09:49:05 IST">
  <testcase classname="TestNG_P.SecondP" name="teardown" time="0.019"/>
  <testcase classname="TestNG_P.SecondP" name="login" time="0.0">
    <ignored/>
  </testcase> <!-- login -->
  <testcase classname="TestNG_P.SecondP" name="Setup" time="0.0">
    <ignored/>
  </testcase> <!-- Setup -->
</testsuite> <!-- Test(failed)(failed) -->
