<?xml version="1.0" encoding="UTF-8"?>
<!-- Generated by org.testng.reporters.JUnitXMLReporter -->
<testsuite ignored="7" hostname="DESKTOP-V11AHHV" failures="0" tests="2" name="Annotation_Demo" time="0.145" errors="0" timestamp="2023-04-23T11:48:05 IST">
  <testcase classname="TestNG_P.GroupingExample" name="test_1" time="0.023"/>
  <testcase classname="TestNG_P.GroupingExample" name="test_2" time="0.003"/>
  <testcase classname="TestNG_P.TC2" name="Test3" time="0.0">
    <ignored/>
  </testcase> <!-- Test3 -->
  <testcase classname="TestNG_P.GroupingExample" name="test_4" time="0.0">
    <ignored/>
  </testcase> <!-- test_4 -->
  <testcase classname="TestNG_P.GroupingExample" name="test_3" time="0.0">
    <ignored/>
  </testcase> <!-- test_3 -->
  <testcase classname="TestNG_P.TC1" name="test2" time="0.0">
    <ignored/>
  </testcase> <!-- test2 -->
  <testcase classname="TestNG_P.GroupingExample" name="test_5" time="0.0">
    <ignored/>
  </testcase> <!-- test_5 -->
  <testcase classname="TestNG_P.TC1" name="test1" time="0.0">
    <ignored/>
  </testcase> <!-- test1 -->
  <testcase classname="TestNG_P.TC2" name="Test4" time="0.0">
    <ignored/>
  </testcase> <!-- Test4 -->
</testsuite> <!-- Annotation_Demo -->
