<?xml version="1.0" encoding="UTF-8"?>
<!-- Generated by org.testng.reporters.JUnitXMLReporter -->
<testsuite ignored="0" hostname="DESKTOP-V11AHHV" failures="1" tests="6" name="Test" time="0.142" errors="0" timestamp="2023-04-23T09:46:12 IST">
  <testcase classname="TestNG_P.FirstP" name="Setup" time="0.017"/>
  <testcase classname="TestNG_P.FirstP" name="login" time="0.003"/>
  <testcase classname="TestNG_P.FirstP" name="teardown" time="0.003"/>
  <testcase classname="TestNG_P.SecondP" name="Setup" time="0.002"/>
  <testcase classname="TestNG_P.SecondP" name="login" time="0.003"/>
  <testcase classname="TestNG_P.SecondP" name="teardown" time="0.011">
    <failure type="java.lang.AssertionError" message="null">
      <![CDATA[java.lang.AssertionError: null
at TestNG_P.SecondP.teardown(SecondP.java:22)
at java.base/java.util.ArrayList.forEach(ArrayList.java:1511)
... Removed 27 stack frames]]>
    </failure>
  </testcase> <!-- teardown -->
</testsuite> <!-- Test -->
