<?xml version="1.0" encoding="UTF-8"?>
<!-- Generated by org.testng.reporters.JUnitXMLReporter -->
<testsuite ignored="2" hostname="DESKTOP-V11AHHV" failures="1" tests="1" name="Test(failed)" time="0.097" errors="0" timestamp="2023-04-23T09:48:40 IST">
  <testcase classname="TestNG_P.SecondP" name="teardown" time="0.023">
    <failure type="java.lang.AssertionError" message="null">
      <![CDATA[java.lang.AssertionError: null
at TestNG_P.SecondP.teardown(SecondP.java:22)
at java.base/java.util.ArrayList.forEach(ArrayList.java:1511)
... Removed 27 stack frames]]>
    </failure>
  </testcase> <!-- teardown -->
  <testcase classname="TestNG_P.SecondP" name="login" time="0.0">
    <ignored/>
  </testcase> <!-- login -->
  <testcase classname="TestNG_P.SecondP" name="Setup" time="0.0">
    <ignored/>
  </testcase> <!-- Setup -->
</testsuite> <!-- Test(failed) -->
