<?xml version="1.0" encoding="UTF-8"?>
<testng-results ignored="0" total="1" passed="1" failed="0" skipped="0">
  <reporter-output>
  </reporter-output>
  <suite started-at="2023-04-23T12:58:44 IST" name="Default suite" finished-at="2023-04-23T12:58:56 IST" duration-ms="12111">
    <groups>
    </groups>
    <test started-at="2023-04-23T12:58:44 IST" name="Default test" finished-at="2023-04-23T12:58:56 IST" duration-ms="12111">
      <class name="TestNG_P.Assertion_Practice">
        <test-method is-config="true" signature="setup()[pri:0, instance:TestNG_P.Assertion_Practice@1aafa419]" started-at="2023-04-23T12:58:44 IST" name="setup" finished-at="2023-04-23T12:58:52 IST" duration-ms="8524" status="PASS">
          <reporter-output>
          </reporter-output>
        </test-method> <!-- setup -->
        <test-method signature="checkLogo()[pri:0, instance:TestNG_P.Assertion_Practice@1aafa419]" started-at="2023-04-23T12:58:52 IST" name="checkLogo" finished-at="2023-04-23T12:58:56 IST" duration-ms="3524" status="PASS">
          <reporter-output>
          </reporter-output>
        </test-method> <!-- checkLogo -->
      </class> <!-- TestNG_P.Assertion_Practice -->
    </test> <!-- Default test -->
  </suite> <!-- Default suite -->
</testng-results>
